<?xml version="1.0" encoding="UTF-8"?>
<!-- Generated by org.testng.reporters.JUnitReportReporter -->
<testsuite hostname="DESKTOP-2AKMAL0" failures="0" tests="7" name="test1.TestNg13" time="2.041" errors="0" timestamp="2023-07-29T11:26:52 IST" skipped="1">
  <testcase classname="test1.TestNg13" name="testC" time="0.008"/>
  <system-out/>
  <testcase classname="test1.TestNg13" name="testD" time="2.017"/>
  <system-out/>
  <testcase classname="test1.TestNg13" name="testA" time="0.004"/>
  <system-out/>
  <testcase classname="test1.TestNg13" name="testB" time="0.006"/>
  <system-out/>
  <testcase classname="test1.TestNg13" name="testB" time="0.002"/>
  <system-out/>
  <testcase classname="test1.TestNg13" name="testB" time="0.004"/>
  <system-out/>
  <testcase classname="test1.TestNg13" name="testE">
    <skipped/>
  </testcase> <!-- testE -->
  <system-out/>
</testsuite> <!-- test1.TestNg13 -->
